<?xml version="1.0" encoding="UTF-8"?>
<!-- Generated by org.testng.reporters.JUnitReportReporter -->
<testsuite hostname="hackweeks-MacBook-Pro.local" name="com.raio.algorithms.algorithms.TreeTest" tests="1" failures="0" timestamp="3 Aug 2016 00:16:50 GMT" time="0.013" errors="0">
  <testcase name="TestBSTInsertion" time="0.013" classname="com.raio.algorithms.algorithms.TreeTest"/>
</testsuite> <!-- com.raio.algorithms.algorithms.TreeTest -->
