<?xml version="1.0" encoding="UTF-8"?>
<!-- Generated by org.testng.reporters.JUnitReportReporter -->
<testsuite hostname="hackweeks-MacBook-Pro.local" name="com.raio.algorithms.algorithms.QueueTest" tests="2" failures="0" timestamp="29 Jul 2016 19:03:50 GMT" time="0.018" errors="0">
  <testcase name="testdequeue" time="0.015" classname="com.raio.algorithms.algorithms.QueueTest"/>
  <testcase name="testenqueue" time="0.003" classname="com.raio.algorithms.algorithms.QueueTest"/>
</testsuite> <!-- com.raio.algorithms.algorithms.QueueTest -->
