<?xml version="1.0" encoding="UTF-8"?>
<!-- Generated by org.testng.reporters.JUnitReportReporter -->
<testsuite hostname="hackweeks-MacBook-Pro.local" name="com.raio.algorithms.algorithms.GraphSearchTest" tests="1" failures="0" timestamp="2 Aug 2016 01:09:47 GMT" time="0.013" errors="0">
  <testcase name="testBFS" time="0.013" classname="com.raio.algorithms.algorithms.GraphSearchTest"/>
</testsuite> <!-- com.raio.algorithms.algorithms.GraphSearchTest -->
